2023-07-25 14:47:51,172 INFO o.a.j.u.JMeterUtils: Setting Locale to en_US
2023-07-25 14:47:51,229 INFO o.a.j.JMeter: Loading user properties from: /home/pin/ApacheJmeter/apache-jmeter-5.4.3/bin/user.properties
2023-07-25 14:47:51,231 INFO o.a.j.JMeter: Loading system properties from: /home/pin/ApacheJmeter/apache-jmeter-5.4.3/bin/system.properties
2023-07-25 14:47:51,253 INFO o.a.j.JMeter: Copyright (c) 1998-2021 The Apache Software Foundation
2023-07-25 14:47:51,254 INFO o.a.j.JMeter: Version 5.4.3
2023-07-25 14:47:51,255 INFO o.a.j.JMeter: java.version=1.8.0_301
2023-07-25 14:47:51,257 INFO o.a.j.JMeter: java.vm.name=Java HotSpot(TM) 64-Bit Server VM
2023-07-25 14:47:51,258 INFO o.a.j.JMeter: os.name=Linux
2023-07-25 14:47:51,259 INFO o.a.j.JMeter: os.arch=amd64
2023-07-25 14:47:51,260 INFO o.a.j.JMeter: os.version=3.10.0-1160.90.1.0.1.el7.x86_64
2023-07-25 14:47:51,261 INFO o.a.j.JMeter: file.encoding=UTF-8
2023-07-25 14:47:51,262 INFO o.a.j.JMeter: java.awt.headless=true
2023-07-25 14:47:51,263 INFO o.a.j.JMeter: Max memory     =3702521856
2023-07-25 14:47:51,264 INFO o.a.j.JMeter: Available Processors =4
2023-07-25 14:47:51,277 INFO o.a.j.JMeter: Default Locale=English (United States)
2023-07-25 14:47:51,278 INFO o.a.j.JMeter: JMeter  Locale=English (United States)
2023-07-25 14:47:51,279 INFO o.a.j.JMeter: JMeterHome=/home/pin/ApacheJmeter/apache-jmeter-5.4.3
2023-07-25 14:47:51,280 INFO o.a.j.JMeter: user.dir  =/home/pin/anaconda3/bin/Streamlit-JMeter
2023-07-25 14:47:51,281 INFO o.a.j.JMeter: PWD       =/home/pin/anaconda3/bin/Streamlit-JMeter
2023-07-25 14:47:51,282 INFO o.a.j.JMeter: IP: 192.168.161.39 Name: brm-pt FullName: brm-pt
2023-07-25 14:47:51,303 ERROR o.a.j.JMeter: An error occurred: 
java.lang.IllegalArgumentException: Cannot write to '/home/pin/anaconda3/bin/Streamlit-JMeter/html_report' as folder is not empty
	at org.apache.jorphan.util.JOrphanUtils.canSafelyWriteToFolder(JOrphanUtils.java:663) ~[jorphan.jar:5.4.3]
	at org.apache.jorphan.util.JOrphanUtils.canSafelyWriteToFolder(JOrphanUtils.java:619) ~[jorphan.jar:5.4.3]
	at org.apache.jmeter.JMeter.extractAndSetReportOutputFolder(JMeter.java:609) ~[ApacheJMeter_core.jar:5.4.3]
	at org.apache.jmeter.JMeter.start(JMeter.java:556) [ApacheJMeter_core.jar:5.4.3]
	at sun.reflect.NativeMethodAccessorImpl.invoke0(Native Method) ~[?:1.8.0_301]
	at sun.reflect.NativeMethodAccessorImpl.invoke(NativeMethodAccessorImpl.java:62) ~[?:1.8.0_301]
	at sun.reflect.DelegatingMethodAccessorImpl.invoke(DelegatingMethodAccessorImpl.java:43) ~[?:1.8.0_301]
	at java.lang.reflect.Method.invoke(Method.java:498) ~[?:1.8.0_301]
	at org.apache.jmeter.NewDriver.main(NewDriver.java:254) [ApacheJMeter.jar:5.4.3]
